<?xml version="1.0" encoding="UTF-8"?>
<coverage generated="1718828171925" clover="3.2.0">
  <project timestamp="1718828171925" name="All files">
    <metrics statements="18" coveredstatements="3" conditionals="0" coveredconditionals="0" methods="12" coveredmethods="0" elements="30" coveredelements="3" complexity="0" loc="18" ncloc="18" packages="1" files="1" classes="1"/>
    <file name="getMovies.js" path="C:\proyectos laboratoria\DEV014-movie-challenge\src\lib\getMovies.js">
      <metrics statements="18" coveredstatements="3" conditionals="0" coveredconditionals="0" methods="12" coveredmethods="0"/>
      <line num="1" count="1" type="stmt"/>
      <line num="2" count="0" type="stmt"/>
      <line num="10" count="0" type="stmt"/>
      <line num="11" count="0" type="stmt"/>
      <line num="12" count="0" type="stmt"/>
      <line num="13" count="0" type="stmt"/>
      <line num="18" count="1" type="stmt"/>
      <line num="19" count="0" type="stmt"/>
      <line num="27" count="0" type="stmt"/>
      <line num="28" count="0" type="stmt"/>
      <line num="29" count="0" type="stmt"/>
      <line num="30" count="0" type="stmt"/>
      <line num="35" count="1" type="stmt"/>
      <line num="36" count="0" type="stmt"/>
      <line num="44" count="0" type="stmt"/>
      <line num="45" count="0" type="stmt"/>
      <line num="46" count="0" type="stmt"/>
      <line num="47" count="0" type="stmt"/>
    </file>
  </project>
</coverage>
