{"C:\\proyectos laboratoria\\DEV014-movie-challenge\\src\\lib\\getMovies.js": {"path":"C:\\proyectos laboratoria\\DEV014-movie-challenge\\src\\lib\\getMovies.js","statementMap":{"0":{"start":{"line":1,"column":19},"end":{"line":14,"column":1}},"1":{"start":{"line":2,"column":20},"end":{"line":8,"column":5}},"2":{"start":{"line":10,"column":4},"end":{"line":13,"column":27}},"3":{"start":{"line":11,"column":26},"end":{"line":11,"column":41}},"4":{"start":{"line":12,"column":26},"end":{"line":12,"column":34}},"5":{"start":{"line":13,"column":22},"end":{"line":13,"column":25}},"6":{"start":{"line":18,"column":22},"end":{"line":31,"column":1}},"7":{"start":{"line":19,"column":20},"end":{"line":25,"column":5}},"8":{"start":{"line":27,"column":4},"end":{"line":30,"column":27}},"9":{"start":{"line":28,"column":26},"end":{"line":28,"column":41}},"10":{"start":{"line":29,"column":26},"end":{"line":29,"column":34}},"11":{"start":{"line":30,"column":22},"end":{"line":30,"column":25}},"12":{"start":{"line":35,"column":21},"end":{"line":48,"column":1}},"13":{"start":{"line":36,"column":20},"end":{"line":42,"column":5}},"14":{"start":{"line":44,"column":4},"end":{"line":47,"column":27}},"15":{"start":{"line":45,"column":26},"end":{"line":45,"column":41}},"16":{"start":{"line":46,"column":26},"end":{"line":46,"column":34}},"17":{"start":{"line":47,"column":22},"end":{"line":47,"column":25}}},"fnMap":{"0":{"name":"(anonymous_0)","decl":{"start":{"line":1,"column":19},"end":{"line":1,"column":20}},"loc":{"start":{"line":1,"column":25},"end":{"line":14,"column":1}},"line":1},"1":{"name":"(anonymous_1)","decl":{"start":{"line":11,"column":14},"end":{"line":11,"column":15}},"loc":{"start":{"line":11,"column":26},"end":{"line":11,"column":41}},"line":11},"2":{"name":"(anonymous_2)","decl":{"start":{"line":12,"column":14},"end":{"line":12,"column":15}},"loc":{"start":{"line":12,"column":26},"end":{"line":12,"column":34}},"line":12},"3":{"name":"(anonymous_3)","decl":{"start":{"line":13,"column":15},"end":{"line":13,"column":16}},"loc":{"start":{"line":13,"column":22},"end":{"line":13,"column":25}},"line":13},"4":{"name":"(anonymous_4)","decl":{"start":{"line":18,"column":22},"end":{"line":18,"column":23}},"loc":{"start":{"line":18,"column":28},"end":{"line":31,"column":1}},"line":18},"5":{"name":"(anonymous_5)","decl":{"start":{"line":28,"column":14},"end":{"line":28,"column":15}},"loc":{"start":{"line":28,"column":26},"end":{"line":28,"column":41}},"line":28},"6":{"name":"(anonymous_6)","decl":{"start":{"line":29,"column":14},"end":{"line":29,"column":15}},"loc":{"start":{"line":29,"column":26},"end":{"line":29,"column":34}},"line":29},"7":{"name":"(anonymous_7)","decl":{"start":{"line":30,"column":15},"end":{"line":30,"column":16}},"loc":{"start":{"line":30,"column":22},"end":{"line":30,"column":25}},"line":30},"8":{"name":"(anonymous_8)","decl":{"start":{"line":35,"column":21},"end":{"line":35,"column":22}},"loc":{"start":{"line":35,"column":27},"end":{"line":48,"column":1}},"line":35},"9":{"name":"(anonymous_9)","decl":{"start":{"line":45,"column":14},"end":{"line":45,"column":15}},"loc":{"start":{"line":45,"column":26},"end":{"line":45,"column":41}},"line":45},"10":{"name":"(anonymous_10)","decl":{"start":{"line":46,"column":14},"end":{"line":46,"column":15}},"loc":{"start":{"line":46,"column":26},"end":{"line":46,"column":34}},"line":46},"11":{"name":"(anonymous_11)","decl":{"start":{"line":47,"column":15},"end":{"line":47,"column":16}},"loc":{"start":{"line":47,"column":22},"end":{"line":47,"column":25}},"line":47}},"branchMap":{},"s":{"0":1,"1":0,"2":0,"3":0,"4":0,"5":0,"6":1,"7":0,"8":0,"9":0,"10":0,"11":0,"12":1,"13":0,"14":0,"15":0,"16":0,"17":0},"f":{"0":0,"1":0,"2":0,"3":0,"4":0,"5":0,"6":0,"7":0,"8":0,"9":0,"10":0,"11":0},"b":{},"_coverageSchema":"1a1c01bbd47fc00a2c39e90264f33305004495a9","hash":"a314882b843f09dc447e99cda811b445cc286487"}
}
