{"C:\\proyectos laboratoria\\DEV014-movie-challenge\\src\\components\\App.js": {"path":"C:\\proyectos laboratoria\\DEV014-movie-challenge\\src\\components\\App.js","statementMap":{"0":{"start":{"line":7,"column":12},"end":{"line":55,"column":1}},"1":{"start":{"line":8,"column":15},"end":{"line":8,"column":43}},"2":{"start":{"line":11,"column":4},"end":{"line":53,"column":7}},"3":{"start":{"line":13,"column":32},"end":{"line":13,"column":46}},"4":{"start":{"line":15,"column":8},"end":{"line":34,"column":11}},"5":{"start":{"line":16,"column":30},"end":{"line":16,"column":58}},"6":{"start":{"line":17,"column":12},"end":{"line":17,"column":44}},"7":{"start":{"line":19,"column":32},"end":{"line":19,"column":60}},"8":{"start":{"line":20,"column":12},"end":{"line":20,"column":58}},"9":{"start":{"line":22,"column":29},"end":{"line":22,"column":58}},"10":{"start":{"line":23,"column":12},"end":{"line":23,"column":80}},"11":{"start":{"line":24,"column":12},"end":{"line":24,"column":47}},"12":{"start":{"line":25,"column":12},"end":{"line":25,"column":45}},"13":{"start":{"line":27,"column":25},"end":{"line":27,"column":52}},"14":{"start":{"line":28,"column":12},"end":{"line":28,"column":49}},"15":{"start":{"line":30,"column":12},"end":{"line":30,"column":47}},"16":{"start":{"line":31,"column":12},"end":{"line":31,"column":44}},"17":{"start":{"line":32,"column":12},"end":{"line":32,"column":40}},"18":{"start":{"line":33,"column":12},"end":{"line":33,"column":38}},"19":{"start":{"line":35,"column":8},"end":{"line":35,"column":18}},"20":{"start":{"line":49,"column":8},"end":{"line":49,"column":55}},"21":{"start":{"line":50,"column":29},"end":{"line":50,"column":56}},"22":{"start":{"line":51,"column":8},"end":{"line":51,"column":59}},"23":{"start":{"line":52,"column":8},"end":{"line":52,"column":28}}},"fnMap":{"0":{"name":"(anonymous_0)","decl":{"start":{"line":7,"column":12},"end":{"line":7,"column":13}},"loc":{"start":{"line":7,"column":18},"end":{"line":55,"column":1}},"line":7},"1":{"name":"(anonymous_1)","decl":{"start":{"line":11,"column":29},"end":{"line":11,"column":30}},"loc":{"start":{"line":11,"column":39},"end":{"line":48,"column":5}},"line":11},"2":{"name":"(anonymous_2)","decl":{"start":{"line":15,"column":32},"end":{"line":15,"column":33}},"loc":{"start":{"line":15,"column":40},"end":{"line":34,"column":9}},"line":15},"3":{"name":"(anonymous_3)","decl":{"start":{"line":48,"column":13},"end":{"line":48,"column":14}},"loc":{"start":{"line":48,"column":22},"end":{"line":53,"column":5}},"line":48}},"branchMap":{},"s":{"0":1,"1":0,"2":0,"3":0,"4":0,"5":0,"6":0,"7":0,"8":0,"9":0,"10":0,"11":0,"12":0,"13":0,"14":0,"15":0,"16":0,"17":0,"18":0,"19":0,"20":0,"21":0,"22":0,"23":0},"f":{"0":0,"1":0,"2":0,"3":0},"b":{},"_coverageSchema":"1a1c01bbd47fc00a2c39e90264f33305004495a9","hash":"041cf262101307b8febbfe80733d1aa9f47071c3"}
,"C:\\proyectos laboratoria\\DEV014-movie-challenge\\src\\lib\\getMovies.js": {"path":"C:\\proyectos laboratoria\\DEV014-movie-challenge\\src\\lib\\getMovies.js","statementMap":{"0":{"start":{"line":1,"column":19},"end":{"line":14,"column":1}},"1":{"start":{"line":2,"column":20},"end":{"line":8,"column":7}},"2":{"start":{"line":10,"column":5},"end":{"line":13,"column":27}},"3":{"start":{"line":11,"column":26},"end":{"line":11,"column":41}},"4":{"start":{"line":12,"column":26},"end":{"line":12,"column":34}},"5":{"start":{"line":13,"column":22},"end":{"line":13,"column":25}}},"fnMap":{"0":{"name":"(anonymous_0)","decl":{"start":{"line":1,"column":19},"end":{"line":1,"column":20}},"loc":{"start":{"line":1,"column":25},"end":{"line":14,"column":1}},"line":1},"1":{"name":"(anonymous_1)","decl":{"start":{"line":11,"column":14},"end":{"line":11,"column":15}},"loc":{"start":{"line":11,"column":26},"end":{"line":11,"column":41}},"line":11},"2":{"name":"(anonymous_2)","decl":{"start":{"line":12,"column":14},"end":{"line":12,"column":15}},"loc":{"start":{"line":12,"column":26},"end":{"line":12,"column":34}},"line":12},"3":{"name":"(anonymous_3)","decl":{"start":{"line":13,"column":15},"end":{"line":13,"column":16}},"loc":{"start":{"line":13,"column":22},"end":{"line":13,"column":25}},"line":13}},"branchMap":{},"s":{"0":1,"1":0,"2":0,"3":0,"4":0,"5":0},"f":{"0":0,"1":0,"2":0,"3":0},"b":{},"_coverageSchema":"1a1c01bbd47fc00a2c39e90264f33305004495a9","hash":"d820d732fe4afb5fa72936a31073f95c98618e1d"}
}
